[
 {
  "health": "green",
  "status": "open",
  "index": "morpheus_network_pool_v1",
  "uuid": "jFhSgHuhQhSsWfN9Jo0Afw",
  "pri": 0,
  "rep": 0,
  "docs.count": 0,
  "docs.deleted": 0,
  "store.size": "200.7kb",
  "pri.store.size": "200.7kb"
 },
 {
  "health": "yellow",
  "status": "open",
  "index": "morpheus_network_pool_v0",
  "uuid": "XHdrdeZZTTGdL7ri5Ste0g",
  "pri": 0,
  "rep": 0,
  "docs.count": 0,
  "docs.deleted": 0,
  "store.size": "7kb",
  "pri.store.size": "7kb"
 },
 {
  "health": "yellow",
  "status": "open",
  "index": "morpheus_network_security_server_v0",
  "uuid": "GV2my3XfTQaUhhGDSMYW3w",
  "pri": 0,
  "rep": 0,
  "docs.count": 0,
  "docs.deleted": 0,
  "store.size": "1.2kb",
  "pri.store.size": "1.2kb"
 },
 {
  "health": "yellow",
  "status": "open",
  "index": "morpheus_compute_chassis_v0",
  "uuid": "OXv54NAOQcGTxp5ZrdN2wA",
  "pri": 0,
  "rep": 0,
  "docs.count": 0,
  "docs.deleted": 0,
  "store.size": "1.2kb",
  "pri.store.size": "1.2kb"
 },
 {
  "health": "yellow",
  "status": "open",
  "index": "morpheus_os_type_v0",
  "uuid": "D7pvgg19TEeEt9dQJufSmg",
  "pri": 0,
  "rep": 0,
  "docs.count": 0,
  "docs.deleted": 0,
  "store.size": "1.2kb",
  "pri.store.size": "1.2kb"
 },
 {
  "health": "yellow",
  "status": "open",
  "index": "morpheus_container_type_v0",
  "uuid": "WU_N4-DaRWGJ3ewv8kZRDw",
  "pri": 0,
  "rep": 0,
  "docs.count": 0,
  "docs.deleted": 0,
  "store.size": "845.4kb",
  "pri.store.size": "845.4kb"
 },
 {
  "health": "yellow",
  "status": "open",
  "index": "morpheus_virtual_image_v0",
  "uuid": "nUhilRWdRliIOHRNx6gxzg",
  "pri": 0,
  "rep": 0,
  "docs.count": 0,
  "docs.deleted": 0,
  "store.size": "3.2mb",
  "pri.store.size": "3.2mb"
 },
 {
  "health": "yellow",
  "status": "open",
  "index": "morpheus_account_certificate_v0",
  "uuid": "5Y-WQsE2RCmNX_bCJFW6-g",
  "pri": 0,
  "rep": 0,
  "docs.count": 0,
  "docs.deleted": 0,
  "store.size": "325.9kb",
  "pri.store.size": "325.9kb"
 },
 {
  "health": "yellow",
  "status": "open",
  "index": "stats.20240106",
  "uuid": "J2J-rtYMS0KKMuhk6zC9Rw",
  "pri": 0,
  "rep": 0,
  "docs.count": 0,
  "docs.deleted": 0,
  "store.size": "5.3mb",
  "pri.store.size": "5.3mb"
 },
 {
  "health": "yellow",
  "status": "open",
  "index": "morpheus_app_v0",
  "uuid": "cftSvaLjRvSIIGKtNA_d0Q",
  "pri": 0,
  "rep": 0,
  "docs.count": 0,
  "docs.deleted": 0,
  "store.size": "11.7kb",
  "pri.store.size": "11.7kb"
 },
 {
  "health": "yellow",
  "status": "open",
  "index": "stats.20240107",
  "uuid": "7RNjEEEpQBOqzcxCDkhSSw",
  "pri": 0,
  "rep": 0,
  "docs.count": 0,
  "docs.deleted": 0,
  "store.size": "5mb",
  "pri.store.size": "5mb"
 },
 {
  "health": "yellow",
  "status": "open",
  "index": "stats.20240104",
  "uuid": "ErwtdL3KRda1TFWLjiu76w",
  "pri": 0,
  "rep": 0,
  "docs.count": 0,
  "docs.deleted": 0,
  "store.size": "5.9mb",
  "pri.store.size": "5.9mb"
 },
 {
  "health": "yellow",
  "status": "open",
  "index": "stats.20240105",
  "uuid": "Gmwtykr3Q1C4_2qZdP5ayw",
  "pri": 0,
  "rep": 0,
  "docs.count": 0,
  "docs.deleted": 0,
  "store.size": "5.7mb",
  "pri.store.size": "5.7mb"
 },
 {
  "health": "yellow",
  "status": "open",
  "index": "morpheus_service_plan_v0",
  "uuid": "qszORb3CTfmcnmIsopJTWQ",
  "pri": 0,
  "rep": 0,
  "docs.count": 0,
  "docs.deleted": 0,
  "store.size": "2.4mb",
  "pri.store.size": "2.4mb"
 },
 {
  "health": "yellow",
  "status": "open",
  "index": "morpheus_instance_type_layout_v0",
  "uuid": "D8RloGmvRCWU-XKnFTgOlg",
  "pri": 0,
  "rep": 0,
  "docs.count": 0,
  "docs.deleted": 0,
  "store.size": "727.8kb",
  "pri.store.size": "727.8kb"
 },
 {
  "health": "yellow",
  "status": "open",
  "index": "morpheus_compute_zone_v0",
  "uuid": "_kcDMBviSTuNiPaWtk4efg",
  "pri": 0,
  "rep": 0,
  "docs.count": 0,
  "docs.deleted": 0,
  "store.size": "159.7kb",
  "pri.store.size": "159.7kb"
 },
 {
  "health": "yellow",
  "status": "open",
  "index": "morpheus_network_server_v0",
  "uuid": "exj0tG-uTsagNZsKOnlZzA",
  "pri": 0,
  "rep": 0,
  "docs.count": 0,
  "docs.deleted": 0,
  "store.size": "41.5kb",
  "pri.store.size": "41.5kb"
 },
 {
  "health": "yellow",
  "status": "open",
  "index": "morpheus_network_pool_server_v0",
  "uuid": "Mvqi-HxaQvWIsWrzBRDjzw",
  "pri": 0,
  "rep": 0,
  "docs.count": 0,
  "docs.deleted": 0,
  "store.size": "30.6kb",
  "pri.store.size": "30.6kb"
 },
 {
  "health": "yellow",
  "status": "open",
  "index": "stats.20240108",
  "uuid": "fAQ2kF6qTJe2FK1yByFBjg",
  "pri": 0,
  "rep": 0,
  "docs.count": 0,
  "docs.deleted": 0,
  "store.size": "5.1mb",
  "pri.store.size": "5.1mb"
 },
 {
  "health": "yellow",
  "status": "open",
  "index": "azure-marketplace-uksouth-2024_02_02_00_00_17",
  "uuid": "2lw-dRDFRV2OXX1YgjdIgw",
  "pri": 0,
  "rep": 0,
  "docs.count": 0,
  "docs.deleted": 0,
  "store.size": "7.2mb",
  "pri.store.size": "7.2mb"
 },
 {
  "health": "yellow",
  "status": "open",
  "index": "stats.20240109",
  "uuid": "8lRhqOGyTdqBXsa4Z4BYAg",
  "pri": 0,
  "rep": 0,
  "docs.count": 0,
  "docs.deleted": 0,
  "store.size": "4.9mb",
  "pri.store.size": "4.9mb"
 },
 {
  "health": "yellow",
  "status": "open",
  "index": "morpheus_compute_zone_folder_v0",
  "uuid": "NNdl9lJqQpOw3CkEXkBnHw",
  "pri": 0,
  "rep": 0,
  "docs.count": 0,
  "docs.deleted": 0,
  "store.size": "378.4kb",
  "pri.store.size": "378.4kb"
 },
 {
  "health": "yellow",
  "status": "open",
  "index": "morpheus_compute_site_v0",
  "uuid": "vSp2t20HSQiaxeaLMjuG9w",
  "pri": 0,
  "rep": 0,
  "docs.count": 0,
  "docs.deleted": 0,
  "store.size": "58.7kb",
  "pri.store.size": "58.7kb"
 },
 {
  "health": "yellow",
  "status": "open",
  "index": "morpheus_network_group_v0",
  "uuid": "aIPB9-v5Thm0kRHX39b3Fg",
  "pri": 0,
  "rep": 0,
  "docs.count": 0,
  "docs.deleted": 0,
  "store.size": "11.4kb",
  "pri.store.size": "11.4kb"
 },
 {
  "health": "yellow",
  "status": "open",
  "index": "morpheus_package_v0",
  "uuid": "4_3L_3kvQHO9lFZG66r7yQ",
  "pri": 0,
  "rep": 0,
  "docs.count": 0,
  "docs.deleted": 0,
  "store.size": "1.2kb",
  "pri.store.size": "1.2kb"
 },
 {
  "health": "yellow",
  "status": "open",
  "index": "morpheus_compute_zone_pool_group_v0",
  "uuid": "_HnokWRhRMaSni3HKZJX_A",
  "pri": 0,
  "rep": 0,
  "docs.count": 0,
  "docs.deleted": 0,
  "store.size": "1.2kb",
  "pri.store.size": "1.2kb"
 },
 {
  "health": "yellow",
  "status": "open",
  "index": "activities.20240108",
  "uuid": "XcIbeUOKQhGBetZVr1-5Fg",
  "pri": 0,
  "rep": 0,
  "docs.count": 0,
  "docs.deleted": 0,
  "store.size": "7.8kb",
  "pri.store.size": "7.8kb"
 },
 {
  "health": "yellow",
  "status": "open",
  "index": "check_history.20240130",
  "uuid": "MI7bkztnTPOdV8HT1H1IHg",
  "pri": 0,
  "rep": 0,
  "docs.count": 0,
  "docs.deleted": 0,
  "store.size": "432kb",
  "pri.store.size": "432kb"
 },
 {
  "health": "yellow",
  "status": "open",
  "index": "activities.20240109",
  "uuid": "4gQphIrcTBuvtjy_JItyPA",
  "pri": 0,
  "rep": 0,
  "docs.count": 0,
  "docs.deleted": 0,
  "store.size": "23kb",
  "pri.store.size": "23kb"
 },
 {
  "health": "yellow",
  "status": "open",
  "index": "stats.20240131",
  "uuid": "YdIG3MulQX6YEZv6U7Lf0w",
  "pri": 0,
  "rep": 0,
  "docs.count": 0,
  "docs.deleted": 0,
  "store.size": "4.2mb",
  "pri.store.size": "4.2mb"
 },
 {
  "health": "yellow",
  "status": "open",
  "index": "stats.20240130",
  "uuid": "jruKGqwRSoKi2Af4f6b-tw",
  "pri": 0,
  "rep": 0,
  "docs.count": 0,
  "docs.deleted": 0,
  "store.size": "4.2mb",
  "pri.store.size": "4.2mb"
 },
 {
  "health": "yellow",
  "status": "open",
  "index": "morpheus_account_key_pair_v0",
  "uuid": "zNEFZUxaQXKs9zSnVOZ63g",
  "pri": 0,
  "rep": 0,
  "docs.count": 0,
  "docs.deleted": 0,
  "store.size": "336.7kb",
  "pri.store.size": "336.7kb"
 },
 {
  "health": "yellow",
  "status": "open",
  "index": "morpheus_network_domain_record_v0",
  "uuid": "nOs55FehQiGZ-Ff9wP4R5Q",
  "pri": 0,
  "rep": 0,
  "docs.count": 0,
  "docs.deleted": 0,
  "store.size": "469.3kb",
  "pri.store.size": "469.3kb"
 },
 {
  "health": "yellow",
  "status": "open",
  "index": "check_history.20240131",
  "uuid": "P7t0QfwTR5qlFtkaSHfmcQ",
  "pri": 0,
  "rep": 0,
  "docs.count": 0,
  "docs.deleted": 0,
  "store.size": "423.9kb",
  "pri.store.size": "423.9kb"
 },
 {
  "health": "yellow",
  "status": "open",
  "index": "morpheus_network_load_balancer_instance_v0",
  "uuid": "SGW3H-_dQfCsihUrtQ07Zw",
  "pri": 0,
  "rep": 0,
  "docs.count": 0,
  "docs.deleted": 0,
  "store.size": "69.7kb",
  "pri.store.size": "69.7kb"
 },
 {
  "health": "yellow",
  "status": "open",
  "index": "morpheus_user_v0",
  "uuid": "LdJhXiXwQwm2LCIvCpnCdw",
  "pri": 0,
  "rep": 0,
  "docs.count": 0,
  "docs.deleted": 0,
  "store.size": "82.8kb",
  "pri.store.size": "82.8kb"
 },
 {
  "health": "yellow",
  "status": "open",
  "index": "morpheus_container_v0",
  "uuid": "zKHCMTaiTdaPlBLnnuMWSw",
  "pri": 0,
  "rep": 0,
  "docs.count": 0,
  "docs.deleted": 0,
  "store.size": "91.9kb",
  "pri.store.size": "91.9kb"
 },
 {
  "health": "yellow",
  "status": "open",
  "index": "morpheus_compute_server_v0",
  "uuid": "BcNG-b08TD2cP6PzuGsDqg",
  "pri": 0,
  "rep": 0,
  "docs.count": 0,
  "docs.deleted": 0,
  "store.size": "1.4mb",
  "pri.store.size": "1.4mb"
 },
 {
  "health": "yellow",
  "status": "open",
  "index": "morpheus_account_v0",
  "uuid": "sOrKlRe7QpKfcIA58U_3kg",
  "pri": 0,
  "rep": 0,
  "docs.count": 0,
  "docs.deleted": 0,
  "store.size": "35.6kb",
  "pri.store.size": "35.6kb"
 },
 {
  "health": "yellow",
  "status": "open",
  "index": "stats.20240120",
  "uuid": "Uf_O79gmQQeJGzbt_WlxjQ",
  "pri": 0,
  "rep": 0,
  "docs.count": 0,
  "docs.deleted": 0,
  "store.size": "6.2mb",
  "pri.store.size": "6.2mb"
 },
 {
  "health": "yellow",
  "status": "open",
  "index": "morpheus_user_group_v0",
  "uuid": "dL8JeQojTualjvkQu_tA9w",
  "pri": 0,
  "rep": 0,
  "docs.count": 0,
  "docs.deleted": 0,
  "store.size": "1.2kb",
  "pri.store.size": "1.2kb"
 },
 {
  "health": "yellow",
  "status": "open",
  "index": "stats.20240121",
  "uuid": "ljpPhaIETky9MJk-Y8-joQ",
  "pri": 0,
  "rep": 0,
  "docs.count": 0,
  "docs.deleted": 0,
  "store.size": "6.2mb",
  "pri.store.size": "6.2mb"
 },
 {
  "health": "yellow",
  "status": "open",
  "index": "activities.20240115",
  "uuid": "rr8i31PaRvmicFSk40X85Q",
  "pri": 0,
  "rep": 0,
  "docs.count": 0,
  "docs.deleted": 0,
  "store.size": "7.8kb",
  "pri.store.size": "7.8kb"
 },
 {
  "health": "yellow",
  "status": "open",
  "index": "activities.20240110",
  "uuid": "rlfLXO-cTk6uy2yZvm0_vw",
  "pri": 0,
  "rep": 0,
  "docs.count": 0,
  "docs.deleted": 0,
  "store.size": "7.8kb",
  "pri.store.size": "7.8kb"
 },
 {
  "health": "yellow",
  "status": "open",
  "index": "check_history.20240128",
  "uuid": "duUwweXVQ0GOd1NL6aAapQ",
  "pri": 0,
  "rep": 0,
  "docs.count": 0,
  "docs.deleted": 0,
  "store.size": "593.4kb",
  "pri.store.size": "593.4kb"
 },
 {
  "health": "yellow",
  "status": "open",
  "index": "morpheus_service_entry_v0",
  "uuid": "xinh3DNSQO-3a9iuDrdw7Q",
  "pri": 0,
  "rep": 0,
  "docs.count": 0,
  "docs.deleted": 0,
  "store.size": "1.2kb",
  "pri.store.size": "1.2kb"
 },
 {
  "health": "yellow",
  "status": "open",
  "index": "stats.20240128",
  "uuid": "FUU60O8EQIW3dJhsBQCKdw",
  "pri": 0,
  "rep": 0,
  "docs.count": 0,
  "docs.deleted": 0,
  "store.size": "4.9mb",
  "pri.store.size": "4.9mb"
 },
 {
  "health": "yellow",
  "status": "open",
  "index": "stats.20240129",
  "uuid": "kdCKnIeeQJKIxUFMMMAQ1Q",
  "pri": 0,
  "rep": 0,
  "docs.count": 0,
  "docs.deleted": 0,
  "store.size": "4.8mb",
  "pri.store.size": "4.8mb"
 },
 {
  "health": "yellow",
  "status": "open",
  "index": "check_history.20240129",
  "uuid": "Fjsfwp_jTg6wqxHaBNwilg",
  "pri": 0,
  "rep": 0,
  "docs.count": 0,
  "docs.deleted": 0,
  "store.size": "533.3kb",
  "pri.store.size": "533.3kb"
 },
 {
  "health": "yellow",
  "status": "open",
  "index": "stats.20240126",
  "uuid": "3rHkdx_LT_eEGKJgpF-YeA",
  "pri": 0,
  "rep": 0,
  "docs.count": 0,
  "docs.deleted": 0,
  "store.size": "5mb",
  "pri.store.size": "5mb"
 },
 {
  "health": "yellow",
  "status": "open",
  "index": "stats.20240127",
  "uuid": "ZYlv6e-YSpumCF2I998ZAg",
  "pri": 0,
  "rep": 0,
  "docs.count": 0,
  "docs.deleted": 0,
  "store.size": "5.1mb",
  "pri.store.size": "5.1mb"
 },
 {
  "health": "yellow",
  "status": "open",
  "index": "stats.20240124",
  "uuid": "ecX5sbyKRKCmgMLA29fFeg",
  "pri": 0,
  "rep": 0,
  "docs.count": 0,
  "docs.deleted": 0,
  "store.size": "4.7mb",
  "pri.store.size": "4.7mb"
 },
 {
  "health": "yellow",
  "status": "open",
  "index": "stats.20240201",
  "uuid": "HugCkKr-RqitEEXXhdngtw",
  "pri": 0,
  "rep": 0,
  "docs.count": 0,
  "docs.deleted": 0,
  "store.size": "5mb",
  "pri.store.size": "5mb"
 },
 {
  "health": "yellow",
  "status": "open",
  "index": "stats.20240125",
  "uuid": "zeuC_z2ATuKp4W211pWd1A",
  "pri": 0,
  "rep": 0,
  "docs.count": 0,
  "docs.deleted": 0,
  "store.size": "5mb",
  "pri.store.size": "5mb"
 },
 {
  "health": "yellow",
  "status": "open",
  "index": "morpheus_compute_server_type_v0",
  "uuid": "if8csCPlTFWBhbqUL5FstA",
  "pri": 0,
  "rep": 0,
  "docs.count": 0,
  "docs.deleted": 0,
  "store.size": "67.3kb",
  "pri.store.size": "67.3kb"
 },
 {
  "health": "yellow",
  "status": "open",
  "index": "stats.20240202",
  "uuid": "uX35gKT-SxqZjdFqLkRCbg",
  "pri": 0,
  "rep": 0,
  "docs.count": 0,
  "docs.deleted": 0,
  "store.size": "3.8mb",
  "pri.store.size": "3.8mb"
 },
 {
  "health": "yellow",
  "status": "open",
  "index": "stats.20240122",
  "uuid": "ceenNfmFSgSi2py-tmXNMA",
  "pri": 0,
  "rep": 0,
  "docs.count": 0,
  "docs.deleted": 0,
  "store.size": "5.8mb",
  "pri.store.size": "5.8mb"
 },
 {
  "health": "yellow",
  "status": "open",
  "index": "stats.20240123",
  "uuid": "Dr3HutDaRMmZ8htG21qKWg",
  "pri": 0,
  "rep": 0,
  "docs.count": 0,
  "docs.deleted": 0,
  "store.size": "5.4mb",
  "pri.store.size": "5.4mb"
 },
 {
  "health": "yellow",
  "status": "open",
  "index": "morpheus_network_load_balancer_v0",
  "uuid": "CSuZwfJATvCU7dnK77EOiA",
  "pri": 0,
  "rep": 0,
  "docs.count": 0,
  "docs.deleted": 0,
  "store.size": "45kb",
  "pri.store.size": "45kb"
 },
 {
  "health": "yellow",
  "status": "open",
  "index": "check_history.20240201",
  "uuid": "I-Qw66FARZeWPw2dHzAzUw",
  "pri": 0,
  "rep": 0,
  "docs.count": 0,
  "docs.deleted": 0,
  "store.size": "416.6kb",
  "pri.store.size": "416.6kb"
 },
 {
  "health": "yellow",
  "status": "open",
  "index": "check_history.20240202",
  "uuid": "MMg3vqPfQGeTTDhpHTkYjw",
  "pri": 0,
  "rep": 0,
  "docs.count": 0,
  "docs.deleted": 0,
  "store.size": "264.8kb",
  "pri.store.size": "264.8kb"
 },
 {
  "health": "yellow",
  "status": "open",
  "index": "morpheus_network_v0",
  "uuid": "29Y0xm57QV6mot26nWXEoA",
  "pri": 0,
  "rep": 0,
  "docs.count": 0,
  "docs.deleted": 0,
  "store.size": "1.1mb",
  "pri.store.size": "1.1mb"
 },
 {
  "health": "yellow",
  "status": "open",
  "index": "morpheus_instance_v0",
  "uuid": "YgrTmxnkRlqlzrRK9qscjA",
  "pri": 0,
  "rep": 0,
  "docs.count": 0,
  "docs.deleted": 0,
  "store.size": "129.1kb",
  "pri.store.size": "129.1kb"
 },
 {
  "health": "yellow",
  "status": "open",
  "index": "check_history.20240127",
  "uuid": "Sj2RxZ9GQYKEGyy-bkb_Tg",
  "pri": 0,
  "rep": 0,
  "docs.count": 0,
  "docs.deleted": 0,
  "store.size": "584.2kb",
  "pri.store.size": "584.2kb"
 },
 {
  "health": "yellow",
  "status": "open",
  "index": "logs.20240128",
  "uuid": "PQfbeg7dS_2peQbLxJJMTQ",
  "pri": 0,
  "rep": 0,
  "docs.count": 0,
  "docs.deleted": 0,
  "store.size": "20.9mb",
  "pri.store.size": "20.9mb"
 },
 {
  "health": "yellow",
  "status": "open",
  "index": "morpheus_account_integration_v0",
  "uuid": "VH0ko9iBSWC5UFTBuZ3u-w",
  "pri": 0,
  "rep": 0,
  "docs.count": 0,
  "docs.deleted": 0,
  "store.size": "224.1kb",
  "pri.store.size": "224.1kb"
 },
 {
  "health": "yellow",
  "status": "open",
  "index": "logs.20240129",
  "uuid": "XlfiQhw0Tz2fAN74_D7JEQ",
  "pri": 0,
  "rep": 0,
  "docs.count": 0,
  "docs.deleted": 0,
  "store.size": "22.1mb",
  "pri.store.size": "22.1mb"
 },
 {
  "health": "yellow",
  "status": "open",
  "index": "logs.20240126",
  "uuid": "-qrvIDeHROuw0CPSu5n4lg",
  "pri": 0,
  "rep": 0,
  "docs.count": 0,
  "docs.deleted": 0,
  "store.size": "21.1mb",
  "pri.store.size": "21.1mb"
 },
 {
  "health": "yellow",
  "status": "open",
  "index": "logs.20240127",
  "uuid": "l3T454VXRqqz1EFcghPEYw",
  "pri": 0,
  "rep": 0,
  "docs.count": 0,
  "docs.deleted": 0,
  "store.size": "20.7mb",
  "pri.store.size": "20.7mb"
 },
 {
  "health": "yellow",
  "status": "open",
  "index": "logs.20240201",
  "uuid": "UgYB7mIHS9CmvSLVOu20zg",
  "pri": 0,
  "rep": 0,
  "docs.count": 0,
  "docs.deleted": 0,
  "store.size": "22.4mb",
  "pri.store.size": "22.4mb"
 },
 {
  "health": "yellow",
  "status": "open",
  "index": "logs.20240202",
  "uuid": "32VJOhdwSMSp-1lGkg3FtQ",
  "pri": 0,
  "rep": 0,
  "docs.count": 0,
  "docs.deleted": 0,
  "store.size": "14.4mb",
  "pri.store.size": "14.4mb"
 },
 {
  "health": "yellow",
  "status": "open",
  "index": "activities.20240129",
  "uuid": "iVVS4r2hS72F8_lVFvzrtg",
  "pri": 0,
  "rep": 0,
  "docs.count": 0,
  "docs.deleted": 0,
  "store.size": "62.7kb",
  "pri.store.size": "62.7kb"
 },
 {
  "health": "yellow",
  "status": "open",
  "index": "morpheus_compute_zone_pool_v0",
  "uuid": "TBSqY_3ZSemlSGWK0dZUjw",
  "pri": 0,
  "rep": 0,
  "docs.count": 0,
  "docs.deleted": 0,
  "store.size": "490.5kb",
  "pri.store.size": "490.5kb"
 },
 {
  "health": "yellow",
  "status": "open",
  "index": "morpheus_network_domain_v0",
  "uuid": "j30teS7qT4GfI1OSw6iLmA",
  "pri": 0,
  "rep": 0,
  "docs.count": 0,
  "docs.deleted": 0,
  "store.size": "64.6kb",
  "pri.store.size": "64.6kb"
 },
 {
  "health": "yellow",
  "status": "open",
  "index": "morpheus_instance_type_v0",
  "uuid": "02UQAeHlQNS9FVg_0pSySA",
  "pri": 0,
  "rep": 0,
  "docs.count": 0,
  "docs.deleted": 0,
  "store.size": "152.8kb",
  "pri.store.size": "152.8kb"
 },
 {
  "health": "yellow",
  "status": "open",
  "index": "activities.20240201",
  "uuid": "nlcRkXk7QcGTL-SPMCWCHA",
  "pri": 0,
  "rep": 0,
  "docs.count": 0,
  "docs.deleted": 0,
  "store.size": "43.3kb",
  "pri.store.size": "43.3kb"
 },
 {
  "health": "yellow",
  "status": "open",
  "index": "azure-marketplace-ukwest-2023_07_11_15_17_24",
  "uuid": "7pIERIOjRD6hOVDQNaUbtQ",
  "pri": 0,
  "rep": 0,
  "docs.count": 0,
  "docs.deleted": 0,
  "store.size": "6mb",
  "pri.store.size": "6mb"
 },
 {
  "health": "yellow",
  "status": "open",
  "index": "activities.20240124",
  "uuid": "aInzI1RfRTq0BtQBPjSsMQ",
  "pri": 0,
  "rep": 0,
  "docs.count": 0,
  "docs.deleted": 0,
  "store.size": "54.5kb",
  "pri.store.size": "54.5kb"
 },
 {
  "health": "yellow",
  "status": "open",
  "index": "stats.20240110",
  "uuid": "2BF4rzQvRuWSTHgvtapAvA",
  "pri": 0,
  "rep": 0,
  "docs.count": 0,
  "docs.deleted": 0,
  "store.size": "5.4mb",
  "pri.store.size": "5.4mb"
 },
 {
  "health": "yellow",
  "status": "open",
  "index": "activities.20240126",
  "uuid": "QTyV5dCEQFyTrzrsSc0-JQ",
  "pri": 0,
  "rep": 0,
  "docs.count": 0,
  "docs.deleted": 0,
  "store.size": "23.4kb",
  "pri.store.size": "23.4kb"
 },
 {
  "health": "yellow",
  "status": "open",
  "index": "activities.20240122",
  "uuid": "P81fcgGRQK-P3x2ZDMmklw",
  "pri": 0,
  "rep": 0,
  "docs.count": 0,
  "docs.deleted": 0,
  "store.size": "15.1kb",
  "pri.store.size": "15.1kb"
 },
 {
  "health": "yellow",
  "status": "open",
  "index": "stats.20240117",
  "uuid": "oArr0OWGRgSVTffTAwRsWg",
  "pri": 0,
  "rep": 0,
  "docs.count": 0,
  "docs.deleted": 0,
  "store.size": "6.1mb",
  "pri.store.size": "6.1mb"
 },
 {
  "health": "yellow",
  "status": "open",
  "index": "stats.20240118",
  "uuid": "d1Z82_ayTX6bphFzS4DIHg",
  "pri": 0,
  "rep": 0,
  "docs.count": 0,
  "docs.deleted": 0,
  "store.size": "6.1mb",
  "pri.store.size": "6.1mb"
 },
 {
  "health": "yellow",
  "status": "open",
  "index": "stats.20240115",
  "uuid": "QqIu-jaiRXO3pgPBqc6PxA",
  "pri": 0,
  "rep": 0,
  "docs.count": 0,
  "docs.deleted": 0,
  "store.size": "5.5mb",
  "pri.store.size": "5.5mb"
 },
 {
  "health": "yellow",
  "status": "open",
  "index": "morpheus_compute_server_group_v0",
  "uuid": "XW0N1RhoRUqWeYbeq_bI1A",
  "pri": 0,
  "rep": 0,
  "docs.count": 0,
  "docs.deleted": 0,
  "store.size": "24.6kb",
  "pri.store.size": "24.6kb"
 },
 {
  "health": "yellow",
  "status": "open",
  "index": "stats.20240116",
  "uuid": "FOkxpsCwQu-KwRTgtbVKYw",
  "pri": 0,
  "rep": 0,
  "docs.count": 0,
  "docs.deleted": 0,
  "store.size": "5.8mb",
  "pri.store.size": "5.8mb"
 },
 {
  "health": "yellow",
  "status": "open",
  "index": "stats.20240113",
  "uuid": "RIzX2nuzTv6h1TaVvUe8Gg",
  "pri": 0,
  "rep": 0,
  "docs.count": 0,
  "docs.deleted": 0,
  "store.size": "5.6mb",
  "pri.store.size": "5.6mb"
 },
 {
  "health": "yellow",
  "status": "open",
  "index": "stats.20240114",
  "uuid": "F7PqkiXLTciaNSqclm1b9Q",
  "pri": 0,
  "rep": 0,
  "docs.count": 0,
  "docs.deleted": 0,
  "store.size": "5.5mb",
  "pri.store.size": "5.5mb"
 },
 {
  "health": "yellow",
  "status": "open",
  "index": "stats.20240111",
  "uuid": "9MGp0NzMRs2iVcRW0bty_w",
  "pri": 0,
  "rep": 0,
  "docs.count": 0,
  "docs.deleted": 0,
  "store.size": "5.5mb",
  "pri.store.size": "5.5mb"
 },
 {
  "health": "yellow",
  "status": "open",
  "index": "stats.20240112",
  "uuid": "WuJPm136RcOfvR1bg-_tlA",
  "pri": 0,
  "rep": 0,
  "docs.count": 0,
  "docs.deleted": 0,
  "store.size": "5.6mb",
  "pri.store.size": "5.6mb"
 },
 {
  "health": "yellow",
  "status": "open",
  "index": "logs.20240131",
  "uuid": "lF1CwyFkT9Chl70R8QMG_Q",
  "pri": 0,
  "rep": 0,
  "docs.count": 0,
  "docs.deleted": 0,
  "store.size": "20.8mb",
  "pri.store.size": "20.8mb"
 },
 {
  "health": "yellow",
  "status": "open",
  "index": "logs.20240130",
  "uuid": "oZORruJfSAOOZKSGd0-FRA",
  "pri": 0,
  "rep": 0,
  "docs.count": 0,
  "docs.deleted": 0,
  "store.size": "20.7mb",
  "pri.store.size": "20.7mb"
 },
 {
  "health": "yellow",
  "status": "open",
  "index": "morpheus_wikipage_v0",
  "uuid": "UWY-Dd6uSxK8B_OKqZNmaQ",
  "pri": 0,
  "rep": 0,
  "docs.count": 0,
  "docs.deleted": 0,
  "store.size": "28.9kb",
  "pri.store.size": "28.9kb"
 },
 {
  "health": "yellow",
  "status": "open",
  "index": "stats.20240119",
  "uuid": "-y30U5j7TDCwUratBjiogg",
  "pri": 0,
  "rep": 0,
  "docs.count": 0,
  "docs.deleted": 0,
  "store.size": "6.1mb",
  "pri.store.size": "6.1mb"
 }
]