[
 {
  "Name": "agentActionCommands-wa-morpheus-54",
  "VHost": "morpheus",
  "Messages": 0,
  "Memory": 15008,
  "Node": "rabbit@localhost",
  "Policy": "ha",
  "Consumers": 5
 },
 {
  "Name": "agentActionResults-wa-morpheus-54",
  "VHost": "morpheus",
  "Messages": 0,
  "Memory": 13768,
  "Node": "rabbit@localhost",
  "Policy": "ha",
  "Consumers": 5
 },
 {
  "Name": "applianceJobHighQueue",
  "VHost": "morpheus",
  "Messages": 0,
  "Memory": 15408,
  "Node": "rabbit@localhost",
  "Policy": "ha",
  "Consumers": 5
 },
 {
  "Name": "applianceJobLowQueue",
  "VHost": "morpheus",
  "Messages": 0,
  "Memory": 15408,
  "Node": "rabbit@localhost",
  "Policy": "ha",
  "Consumers": 5
 },
 {
  "Name": "applianceJobQueue",
  "VHost": "morpheus",
  "Messages": 0,
  "Memory": 15248,
  "Node": "rabbit@localhost",
  "Policy": "ha",
  "Consumers": 5
 },
 {
  "Name": "applianceMonitorQueue",
  "VHost": "morpheus",
  "Messages": 0,
  "Memory": 15472,
  "Node": "rabbit@localhost",
  "Policy": "ha",
  "Consumers": 5
 },
 {
  "Name": "applianceStatsQueue",
  "VHost": "morpheus",
  "Messages": 0,
  "Memory": 1117344,
  "Node": "rabbit@localhost",
  "Policy": "ha",
  "Consumers": 5
 },
 {
  "Name": "asyncActionResults-wa-morpheus-54",
  "VHost": "morpheus",
  "Messages": 0,
  "Memory": 13688,
  "Node": "rabbit@localhost",
  "Policy": "ha",
  "Consumers": 5
 },
 {
  "Name": "computeServerPromiseResults-wa-morpheus-54",
  "VHost": "morpheus",
  "Messages": 0,
  "Memory": 13680,
  "Node": "rabbit@localhost",
  "Policy": "ha",
  "Consumers": 5
 },
 {
  "Name": "flushAgentActions-wa-morpheus-54",
  "VHost": "morpheus",
  "Messages": 0,
  "Memory": 12784,
  "Node": "rabbit@localhost",
  "Policy": "ha",
  "Consumers": 2
 },
 {
  "Name": "happyappsCheckResults",
  "VHost": "morpheus",
  "Messages": 0,
  "Memory": 10488,
  "Node": "rabbit@localhost",
  "Policy": "ha",
  "Consumers": 0
 },
 {
  "Name": "hubLicenseUpdated",
  "VHost": "morpheus",
  "Messages": 0,
  "Memory": 11240,
  "Node": "rabbit@localhost",
  "Policy": "ha",
  "Consumers": 1
 },
 {
  "Name": "hubPublishApplianceUsageStats",
  "VHost": "morpheus",
  "Messages": 0,
  "Memory": 12248,
  "Node": "rabbit@localhost",
  "Policy": "ha",
  "Consumers": 1
 },
 {
  "Name": "instanceDeleteServer",
  "VHost": "morpheus",
  "Messages": 0,
  "Memory": 12048,
  "Node": "rabbit@localhost",
  "Policy": "ha",
  "Consumers": 1
 },
 {
  "Name": "instanceProvisioned",
  "VHost": "morpheus",
  "Messages": 0,
  "Memory": 12080,
  "Node": "rabbit@localhost",
  "Policy": "ha",
  "Consumers": 1
 },
 {
  "Name": "morpheus.license.event-wa-morpheus-54",
  "VHost": "morpheus",
  "Messages": 0,
  "Memory": 11288,
  "Node": "rabbit@localhost",
  "Policy": "ha",
  "Consumers": 1
 },
 {
  "Name": "morpheus.workload-state.event-wa-morpheus-54",
  "VHost": "morpheus",
  "Messages": 0,
  "Memory": 11264,
  "Node": "rabbit@localhost",
  "Policy": "ha",
  "Consumers": 1
 },
 {
  "Name": "morpheusElasticSearchCheck",
  "VHost": "morpheus",
  "Messages": 0,
  "Memory": 11496,
  "Node": "rabbit@localhost",
  "Policy": "ha",
  "Consumers": 2
 },
 {
  "Name": "morpheusMongoCheck",
  "VHost": "morpheus",
  "Messages": 0,
  "Memory": 11424,
  "Node": "rabbit@localhost",
  "Policy": "ha",
  "Consumers": 2
 },
 {
  "Name": "morpheusMySqlCheck",
  "VHost": "morpheus",
  "Messages": 0,
  "Memory": 11440,
  "Node": "rabbit@localhost",
  "Policy": "ha",
  "Consumers": 2
 },
 {
  "Name": "morpheusPingCheck",
  "VHost": "morpheus",
  "Messages": 0,
  "Memory": 11440,
  "Node": "rabbit@localhost",
  "Policy": "ha",
  "Consumers": 2
 },
 {
  "Name": "morpheusPostgresCheck",
  "VHost": "morpheus",
  "Messages": 0,
  "Memory": 11472,
  "Node": "rabbit@localhost",
  "Policy": "ha",
  "Consumers": 2
 },
 {
  "Name": "morpheusRabbitMqCheck",
  "VHost": "morpheus",
  "Messages": 0,
  "Memory": 11456,
  "Node": "rabbit@localhost",
  "Policy": "ha",
  "Consumers": 2
 },
 {
  "Name": "morpheusRedisCheck",
  "VHost": "morpheus",
  "Messages": 0,
  "Memory": 11440,
  "Node": "rabbit@localhost",
  "Policy": "ha",
  "Consumers": 2
 },
 {
  "Name": "morpheusRiakCheck",
  "VHost": "morpheus",
  "Messages": 0,
  "Memory": 11488,
  "Node": "rabbit@localhost",
  "Policy": "ha",
  "Consumers": 2
 },
 {
  "Name": "morpheusSessionEvents-wa-morpheus-54",
  "VHost": "morpheus",
  "Messages": 0,
  "Memory": 15088,
  "Node": "rabbit@localhost",
  "Policy": "ha",
  "Consumers": 5
 },
 {
  "Name": "morpheusSocketCheck",
  "VHost": "morpheus",
  "Messages": 0,
  "Memory": 11440,
  "Node": "rabbit@localhost",
  "Policy": "ha",
  "Consumers": 2
 },
 {
  "Name": "morpheusSqlServerCheck",
  "VHost": "morpheus",
  "Messages": 0,
  "Memory": 11488,
  "Node": "rabbit@localhost",
  "Policy": "ha",
  "Consumers": 2
 },
 {
  "Name": "morpheusWebGetCheck",
  "VHost": "morpheus",
  "Messages": 0,
  "Memory": 11488,
  "Node": "rabbit@localhost",
  "Policy": "ha",
  "Consumers": 2
 },
 {
  "Name": "morpheusmonitorCheckResults",
  "VHost": "morpheus",
  "Messages": 0,
  "Memory": 12352,
  "Node": "rabbit@localhost",
  "Policy": "ha",
  "Consumers": 3
 },
 {
  "Name": "pluginReloadEvent-wa-morpheus-54",
  "VHost": "morpheus",
  "Messages": 0,
  "Memory": 13776,
  "Node": "rabbit@localhost",
  "Policy": "ha",
  "Consumers": 5
 },
 {
  "Name": "provisionPromiseResults-wa-morpheus-54",
  "VHost": "morpheus",
  "Messages": 0,
  "Memory": 14992,
  "Node": "rabbit@localhost",
  "Policy": "ha",
  "Consumers": 5
 },
 {
  "Name": "serverDelete",
  "VHost": "morpheus",
  "Messages": 0,
  "Memory": 12040,
  "Node": "rabbit@localhost",
  "Policy": "ha",
  "Consumers": 1
 },
 {
  "Name": "settingsReloadEvent-wa-morpheus-54",
  "VHost": "morpheus",
  "Messages": 0,
  "Memory": 11288,
  "Node": "rabbit@localhost",
  "Policy": "ha",
  "Consumers": 1
 },
 {
  "Name": "teardownPromiseResults-wa-morpheus-54",
  "VHost": "morpheus",
  "Messages": 0,
  "Memory": 13704,
  "Node": "rabbit@localhost",
  "Policy": "ha",
  "Consumers": 5
 },
 {
  "Name": "workerActionCommands-wa-morpheus-54",
  "VHost": "morpheus",
  "Messages": 0,
  "Memory": 13624,
  "Node": "rabbit@localhost",
  "Policy": "ha",
  "Consumers": 5
 },
 {
  "Name": "workerProxyCommands-wa-morpheus-54",
  "VHost": "morpheus",
  "Messages": 0,
  "Memory": 13720,
  "Node": "rabbit@localhost",
  "Policy": "ha",
  "Consumers": 5
 }
]